<?xml version="1.0" encoding="UTF-8"?>
<!-- Generated by org.testng.reporters.JUnitXMLReporter -->
<testsuite ignored="2" hostname="Prasannakumar" failures="0" tests="3" name="smokeTestcase" time="0.054" errors="0" timestamp="2024-04-24T10:00:28 IST">
  <testcase classname="alerts.attribuets" name="login" time="0.005"/>
  <testcase classname="alerts.dump" name="m4" time="0.001"/>
  <testcase classname="alerts.dump" name="m5" time="0.001"/>
  <testcase classname="alerts.dump" name="m6" time="0.0">
    <ignored/>
  </testcase> <!-- m6 -->
  <testcase classname="alerts.attribuets" name="Clickoncatalog" time="0.0">
    <ignored/>
  </testcase> <!-- Clickoncatalog -->
</testsuite> <!-- smokeTestcase -->
