<?xml version="1.0" encoding="UTF-8"?>
<!-- Generated by org.testng.reporters.JUnitXMLReporter -->
<testsuite ignored="3" hostname="Prasannakumar" failures="0" tests="8" name="Test" time="19.598" errors="0" timestamp="2024-04-24T09:44:13 IST">
  <testcase classname="alerts.demoAnnotation" name="m1" time="0.012"/>
  <testcase classname="alerts.AboutAlerts" name="normalAlert" time="4.083"/>
  <testcase classname="alerts.AboutAlerts" name="confirmationAlert" time="4.082"/>
  <testcase classname="alerts.attribuets" name="login" time="0.002"/>
  <testcase classname="alerts.attribuets" name="Clickoncatalog" time="0.002"/>
  <testcase classname="alerts.dump" name="m4" time="0.002"/>
  <testcase classname="alerts.dump" name="m5" time="0.002"/>
  <testcase classname="alerts.dump" name="m6" time="0.002"/>
  <testcase classname="alerts.demoAnnotation" name="m2" time="0.0">
    <ignored/>
  </testcase> <!-- m2 -->
  <testcase classname="alerts.demoAnnotation" name="m3" time="0.0">
    <ignored/>
  </testcase> <!-- m3 -->
  <testcase classname="alerts.AboutAlerts" name="promptAlert" time="0.0">
    <ignored/>
  </testcase> <!-- promptAlert -->
</testsuite> <!-- Test -->
