<?xml version="1.0" encoding="UTF-8"?>
<testng-results ignored="0" total="1" passed="1" failed="0" skipped="0">
  <reporter-output>
  </reporter-output>
  <suite started-at="2024-04-29T09:50:22 IST" name="Default suite" finished-at="2024-04-29T09:50:33 IST" duration-ms="10438">
    <groups>
    </groups>
    <test started-at="2024-04-29T09:50:22 IST" name="Default test" finished-at="2024-04-29T09:50:33 IST" duration-ms="10438">
      <class name="multiplewindowhandling.demoHandel">
        <test-method signature="verifyMultipleWindowFunctionality()[pri:0, instance:multiplewindowhandling.demoHandel@35e2d654]" started-at="2024-04-29T09:50:22 IST" name="verifyMultipleWindowFunctionality" finished-at="2024-04-29T09:50:33 IST" duration-ms="10379" status="PASS">
          <reporter-output>
          </reporter-output>
        </test-method> <!-- verifyMultipleWindowFunctionality -->
      </class> <!-- multiplewindowhandling.demoHandel -->
    </test> <!-- Default test -->
  </suite> <!-- Default suite -->
</testng-results>
